\BOOKMARK [1][-]{section.1}{\376\377\016\032\016\027\016\031\016\063}{}% 1
\BOOKMARK [2][-]{subsection.1.1}{\376\377\016\027\016\065\016\110\016\041\016\062\016\101\016\045\016\060\016\004\016\047\016\062\016\041\016\052\016\063\016\004\016\061\016\015\016\002\016\055\016\007\016\102\016\004\016\043\016\007\016\007\016\062\016\031}{section.1}% 2
\BOOKMARK [2][-]{subsection.1.2}{\376\377\016\047\016\061\016\025\016\026\016\070\016\033\016\043\016\060\016\052\016\007\016\004\016\114\016\002\016\055\016\007\016\102\016\004\016\043\016\007\016\007\016\062\016\031}{section.1}% 3
\BOOKMARK [2][-]{subsection.1.3}{\376\377\016\002\016\055\016\032\016\100\016\002\016\025\016\002\016\055\016\007\016\102\016\004\016\043\016\007\016\007\016\062\016\031}{section.1}% 4
\BOOKMARK [2][-]{subsection.1.4}{\376\377\016\034\016\045\016\045\016\061\016\036\016\030\016\114\016\027\016\065\016\110\016\004\016\062\016\024\016\053\016\047\016\061\016\007\016\010\016\062\016\001\016\102\016\004\016\043\016\007\016\007\016\062\016\031}{section.1}% 5
\BOOKMARK [1][-]{section.2}{\376\377\016\053\016\045\016\061\016\001\016\001\016\062\016\043\016\101\016\045\016\060\016\027\016\044\016\051\016\016\016\065\016\027\016\065\016\110\016\100\016\001\016\065\016\110\016\042\016\047\016\002\016\111\016\055\016\007}{}% 6
\BOOKMARK [1][-]{section.3}{\376\377\016\034\016\045\016\045\016\061\016\036\016\030\016\114\016\002\016\055\016\007\016\102\016\004\016\043\016\007\016\007\016\062\016\031\016\101\016\045\016\060\016\001\016\062\016\043\016\055\016\040\016\064\016\033\016\043\016\062\016\042\016\034\016\045}{}% 7
\BOOKMARK [1][-]{section.4}{\376\377\016\032\016\027\016\052\016\043\016\070\016\033}{}% 8
\BOOKMARK [2][-]{subsection.4.1}{\376\377\016\052\016\043\016\070\016\033\016\034\016\045\016\001\016\062\016\043\016\024\016\063\016\100\016\031\016\064\016\031\016\001\016\062\016\043}{section.4}% 9
\BOOKMARK [2][-]{subsection.4.2}{\376\377\016\033\016\061\016\015\016\053\016\062\000\040\016\055\016\070\016\033\016\052\016\043\016\043\016\004\000\040\016\101\016\045\016\060\016\101\016\031\016\047\016\027\016\062\016\007\016\101\016\001\016\111\016\104\016\002\000\040\000\050\016\026\016\111\016\062\016\041\016\065\000\051}{section.4}% 10
\BOOKMARK [2][-]{subsection.4.3}{\376\377\016\002\016\111\016\055\016\100\016\052\016\031\016\055\016\101\016\031\016\060\000\040\000\050\016\026\016\111\016\062\016\041\016\065\000\051}{section.4}% 11
\BOOKMARK [1][-]{section.5}{\376\377\016\001\016\064\016\025\016\025\016\064\016\001\016\043\016\043\016\041\016\033\016\043\016\060\016\001\016\062\016\050\000\040\000\050\016\026\016\111\016\062\016\041\016\065\000\051}{}% 12
\BOOKMARK [1][-]{section.6}{\376\377\016\025\016\061\016\047\016\055\016\042\016\110\016\062\016\007\016\004\016\063\016\052\016\061\016\110\016\007\016\027\016\065\016\110\016\103\016\012\016\111\016\007\016\062\016\031\016\103\016\031\000\040\000L\000a\000T\000e\000X}{}% 13
\BOOKMARK [2][-]{subsection.6.1}{\376\377\016\001\016\062\016\043\016\103\016\052\016\110\016\025\016\062\016\043\016\062\016\007}{section.6}% 14
\BOOKMARK [2][-]{subsection.6.2}{\376\377\016\001\016\062\016\043\016\103\016\052\016\110\016\043\016\071\016\033}{section.6}% 15
\BOOKMARK [2][-]{subsection.6.3}{\376\377\016\001\016\062\016\043\016\036\016\064\016\041\016\036\016\114\016\052\016\041\016\001\016\062\016\043}{section.6}% 16
\BOOKMARK [2][-]{subsection.6.4}{\376\377\016\001\016\062\016\043\016\103\016\052\016\110\016\100\016\055\016\001\016\052\016\062\016\043\016\055\016\111\016\062\016\007\016\055\016\064\016\007}{section.6}% 17
\BOOKMARK [1][-]{section.7}{\376\377\016\040\016\062\016\004\016\034\016\031\016\047\016\001\000\040\000\050\016\026\016\111\016\062\016\041\016\065\000\051}{}% 18
\BOOKMARK [2][-]{subsection.7.1}{\376\377\016\040\016\062\016\004\016\034\016\031\016\047\016\001\000\040\016\001\000.}{section.7}% 19
\BOOKMARK [2][-]{subsection.7.2}{\376\377\016\040\016\062\016\004\016\034\016\031\016\047\016\001\000\040\016\002\000.}{section.7}% 20
